0:100  0:100  MemLog inited, TSC freq: 2494334147
0:100  0:000  CPU was calibrated with ACPI PM Timer
0:100  0:000  
0:100  0:000  Now is 29.1.2020,  2:0:31 (GMT)
0:100  0:000  Starting Clover revision: 4844 on INSYDE Corp. EFI
0:100  0:000  Build with: [Args: -mc --no-usb -D NO_GRUB_DRIVERS_EMBEDDED -t XCODE8 | -D DISABLE_USB_SUPPORT -D NO_GRUB_DRIVERS_EMBEDDED --conf=/Users/sky/src/edk2/Conf -D USE_BIOS_BLOCKIO -D USE_LOW_EBDA -a X64 -b RELEASE -t XCODE8 -n 13 | OS: 10.14.3 | XCODE: 10.1]
0:100  0:000  SelfDevicePath=PciRoot(0x0)\Pci(0x1F,0x2)\Sata(0x0,0x0,0x0)\HD(1,GPT,F31DCFB3-ADCB-4EA2-86EA-74A6753E85D2,0x1000,0x96000) @9402E818
0:100  0:000  SelfDirPath = \EFI\CLOVER
0:100  0:000  === [ Get Smbios ] ========================================
0:100  0:000  Type 16 Index = 0
0:100  0:000  Total Memory Slots Count = 2
0:100  0:000  Type 17 Index = 0
0:100  0:000  Ignoring insane frequency value 0MHz
0:100  0:000  SmbiosTable.Type17->Speed = 0MHz
0:100  0:000  SmbiosTable.Type17->Size = 0MB
0:100  0:000  SmbiosTable.Type17->Bank/Device = BANK 0 DIMM0
0:100  0:000  SmbiosTable.Type17->Vendor = <null string>
0:100  0:000  SmbiosTable.Type17->SerialNumber = <null string>
0:100  0:000  SmbiosTable.Type17->PartNumber = <null string>
0:100  0:000  Type 17 Index = 1
0:100  0:000  SmbiosTable.Type17->Speed = 1600MHz
0:100  0:000  SmbiosTable.Type17->Size = 4096MB
0:100  0:000  SmbiosTable.Type17->Bank/Device = BANK 2 DIMM1
0:100  0:000  SmbiosTable.Type17->Vendor = Hynix
0:100  0:000  SmbiosTable.Type17->SerialNumber = 3371BFD1
0:100  0:000  SmbiosTable.Type17->PartNumber = HMT451S6MFR8C-PB  
0:100  0:000  Boot status=0
0:100  0:000  Running on: 'Aspire EC-471G' with board 'EA40_HC'
0:100  0:000  === [ GetCPUProperties ] ==================================
0:100  0:000  CPU Vendor = 756E6547 Model=306A9
0:100  0:000   The CPU supported SSE4.1
0:100  0:000  BrandString = Intel(R) Core(TM) i5-3210M CPU @ 2.50GHz
0:100  0:000   The CPU supported turbo
0:100  0:000  MSR 0x35               20004
0:100  0:000  MSR 0xE2 before patch 1E008404
0:100  0:000  MSR 0xE2 is locked, PM patches will be turned on
0:100  0:000  MSR 0xCE              00080C10_E0011900
0:100  0:000  corrected FLEX_RATIO = 100000
0:100  0:000  MSR 0x1B0             00000000
0:100  0:000  FSBFrequency = 100 MHz, DMI FSBFrequency = 100 MHz, Corrected FSBFrequency = 100 MHz
0:100  0:000  MaxDiv/MinDiv: 25.0/12
0:100  0:000  Turbo: 29/29/29/31
0:100  0:000  Features: 0xBFEBFBFF
0:100  0:000  Threads: 4
0:100  0:000  Cores: 2
0:100  0:000  FSB: 100 MHz
0:100  0:000  CPU: 2500 MHz
0:100  0:000  TSC: 2500 MHz
0:100  0:000  PIS: 100 MHz
0:100  0:000  ExternalClock: 25 MHz
0:100  0:000  === [ GetDevices ] ========================================
0:100  0:000  PCI (00|00:00.00) : 8086 0154 class=060000
0:100  0:000  PCI (00|00:01.00) : 8086 0151 class=060400
0:100  0:000  PCI (00|01:00.00) : 10DE 0DE9 class=030000
0:100  0:000   - GFX: Model=Acer GeForce GT 630M family C1 (Nvidia)
0:100  0:000  PCI (00|01:00.01) : FFFF FFFF class=FFFFFF
0:100  0:000  PCI (00|00:02.00) : 8086 0166 class=030000
0:100  0:000   - GFX: Model=Intel HD Graphics 4000 (Intel)
0:100  0:000  PCI (00|00:16.00) : 8086 1E3A class=078000
0:100  0:000  PCI (00|00:1A.00) : 8086 1E2D class=0C0320
0:100  0:000  PCI (00|00:1B.00) : 8086 1E20 class=040300
0:100  0:000  PCI (00|00:1C.00) : 8086 1E10 class=060400
0:100  0:000  PCI (00|00:1C.02) : 8086 1E14 class=060400
0:100  0:000  PCI (00|04:00.00) : 10EC 5289 class=FF0000
0:100  0:000  PCI (00|04:00.02) : 10EC 8168 class=020000
0:100  0:000   - LAN: 0 Vendor=Realtek
0:100  0:000  PCI (00|00:1C.07) : 8086 1E1E class=060400
0:100  0:000  PCI (00|09:00.00) : 168C 0032 class=028000
0:100  0:000   - WIFI: Vendor=Atheros
0:100  0:000  PCI (00|00:1D.00) : 8086 1E26 class=0C0320
0:100  0:000  PCI (00|00:1F.00) : 8086 1E57 class=060100
0:100  0:000  PCI (00|00:1F.02) : 8086 1E03 class=010601
0:100  0:000  PCI (00|00:1F.03) : 8086 1E22 class=0C0500
0:100  0:000  PCI (00|00:1F.06) : FFFF FFFF class=FFFFFF
0:100  0:000  === [ GetDefaultSettings ] ================================
0:100  0:000  Clover load options size = 0 bytes
0:101  0:001  EFI\CLOVER\config.plist loaded: Success
0:102  0:000  === [ GetListOfThemes ] ===================================
0:102  0:000  - [00]: Hackintosh_ID
0:103  0:000  - [01]: SimpleThemeDark
0:103  0:000  - [02]: Clovy
0:105  0:001  === [ Found config plists ] ===============================
0:105  0:000  - config.plist
0:105  0:000  === [ GetEarlyUserSettings ] ==============================
0:105  0:000  timeout set to 10
0:105  0:000  Custom boot CUSTOM_BOOT_DISABLED (0x0)
0:105  0:000  KernelXCPM: enabled
0:105  0:000  ForceKextsToLoad: 1 requested
0:105  0:000   - [0]: System\Library\Extensions\IONetworkingFamily.kext
0:105  0:000  KextsToPatch: 2 requested
0:105  0:000   - [00]: IOGraphicsFamily (Boot graphics glitch, 10.10.2/10.10.3) :: BinPatch :: data len: 5
0:105  0:000   - [01]: IOGraphicsFamily (Boot graphics glitch, 10.10.x/10.11.x (credit lisai9093, cecekpawon)) :: BinPatch :: data len: 5
0:105  0:000  Default theme: SimpleThemeDark
0:105  0:000  === [ LoadDrivers ] =======================================
0:106  0:000  Loading SMCHelper-64.efi  status=Success
0:106  0:000  Loading AudioDxe-64.efi  status=Success
0:106  0:000   - driver needs connecting
0:106  0:000  Loading apfs.efi  status=Success
0:109  0:002   - driver needs connecting
0:109  0:000  Loading HFSPlus.efi  status=Success
0:110  0:000   - driver needs connecting
0:110  0:000  Loading FSInject-64.efi  status=Success
0:110  0:000  Loading ApfsDriverLoader-64.efi  status=Success
0:110  0:000   - driver needs connecting
0:110  0:000  Loading DataHubDxe-64.efi  status=Success
0:110  0:000  Loading AppleImageLoader-64.efi  status=Success
0:110  0:000  4 drivers needs connecting ...
0:110  0:000  PlatformDriverOverrideProtocol not found. Installing ... Success
0:110  0:000  HFS+ driver loaded
0:110  0:000  APFS driver loaded
0:110  0:000  Searching for invalid DiskIo BY_DRIVER connects: not found, all ok
4:100  3:989  === [ InitScreen ] ========================================
4:100  0:000  SetMaxResolution: found best mode 0: 1366x768
4:100  0:000   - already set
4:100  0:000  Console modes reported: 4, available modes:
4:100  0:000   - [01]: 80x25
4:100  0:000   - [03]: 100x31
4:100  0:000   - [04]: 170x40 (current mode)
4:100  0:000  SetScreenResolution: 1366x768 - already set
4:117  0:017  reinit: self device path=PciRoot(0x0)\Pci(0x1F,0x2)\Sata(0x0,0x0,0x0)\HD(1,GPT,F31DCFB3-ADCB-4EA2-86EA-74A6753E85D2,0x1000,0x96000)
4:118  0:000  Using embedded font: Success
4:118  0:000  === [ GetMacAddress ] =====================================
4:118  0:000   get legacy LAN MAC, 1 card found
4:118  0:000  Legacy MAC address of LAN #0= 08:9E:01:8D:DF:7A:
4:118  0:000  === [ ScanSPD ] ===========================================
4:119  0:000  Scanning SMBus [8086:1E22], mmio: 0xD2705004, ioport: 0x4040, hostc: 0x1
4:139  0:019  Slot: 2 Type 24 4096MB 1600MHz Vendor=SK Hynix PartNo=HMT451S6MFR8C-PBN0 SerialNo=030307010B0F0D01
4:139  0:000  === [ GetAcpiTablesList ] =================================
4:140  0:000  Get Acpi Tables List from RSDT:
4:140  0:000   - [00]: FACP  ACRPRDCT len=268
4:140  0:000   - [01]: UEFI  ACRPRDCT len=566
4:140  0:000   - [02]: ASF!  ACRPRDCT len=165
4:140  0:000   - [03]: HPET  ACRPRDCT len=56
4:140  0:000   - [04]: APIC  ACRPRDCT len=140
4:140  0:000   - [05]: MCFG  ACRPRDCT len=60
4:140  0:000   - [06]: WDAT  ACRPRDCT len=548
4:140  0:000   - [07]: SSDT  ACRPRDCT len=4200
4:140  0:000   - [08]: BOOT  ACRPRDCT len=40
4:140  0:000   - [09]: ASPT  ACRPRDCT len=52
4:140  0:000   - [10]: FPDT  ACRPRDCT len=68
4:140  0:000   - [11]: SSDT  ACRPRDCT len=2408
4:140  0:000   - [12]: SSDT  ACRPRDCT len=2706
4:140  0:000   - [13]: SSDT  ACRPRDCT len=10674
4:140  0:000   - [14]: BGRT  ACRPRDCT len=56
4:140  0:000  Calibrated TSC Frequency = 2494334147 = 2494MHz
4:140  0:000  === [ GetUserSettings ] ===================================
4:140  0:000  USB FixOwnership: yes
4:140  0:000   - final DSDT Fix mask=1FA849FB
4:140  0:000  EnableC7: yes
4:140  0:000  EnableC6: yes
4:140  0:000  EnableC4: yes
4:140  0:000  EnableC2: yes
4:140  0:000  PluginType: 1
4:140  0:000  Using ProductName from config: MacBookPro9,2
4:140  0:000  Using latest BiosVersion from clover
4:140  0:000  BiosVersion: MBP91.88Z.F000.B00.1809210851
4:140  0:000  BiosReleaseDate: 09/21/2018
4:140  0:000  Using EfiVersion from clover: 222.0.0.0.0
4:140  0:000  Using FirmwareFeatures from clover: 0xC00DE137
4:140  0:000  Using FirmwareFeaturesMask from clover: 0xFF1FFF3F
4:140  0:000  PlatformFeature will not set in SMBIOS
4:140  0:000  Board-ID set from config as Mac-6F01561E16C75D06
4:140  0:000  BoardType: 0xA
4:140  0:000  ChassisType: 0x8
4:141  0:000  === [ Found DSDT tables ] =================================
4:224  0:083  === [ ScanVolumes ] =======================================
4:224  0:000  Found 9 volumes with blockIO
4:224  0:000  - [00]: Volume: PciRoot(0x0)\Pci(0x1F,0x2)\Sata(0x0,0x0,0x0)
4:224  0:000  - [01]: Volume: PciRoot(0x0)\Pci(0x1F,0x2)\Sata(0x0,0x0,0x0)\HD(1,GPT,F31DCFB3-ADCB-4EA2-86EA-74A6753E85D2,0x1000,0x96000)
4:224  0:000          Result of bootcode detection: bootable Windows (win)
4:224  0:000          This is SelfVolume !!
4:224  0:000  - [02]: Volume: PciRoot(0x0)\Pci(0x1F,0x2)\Sata(0x0,0x0,0x0)\HD(2,GPT,854BADDC-3A28-4028-9A54-AF994C7C1510,0x97000,0xADE528F)
4:224  0:000          Result of bootcode detection: bootable Windows (vista,win)
4:224  0:000  - [03]: Volume: PciRoot(0x0)\Pci(0x1F,0x2)\Sata(0x0,0x0,0x0)\HD(3,GPT,C6064F59-E06A-493D-85C1-621BB54C3596,0xAE7C800,0x3FFFA88)
4:225  0:000          Result of bootcode detection: bootable unknown (legacy)
4:225  0:000  - [04]: Volume: PciRoot(0x0)\Pci(0x1F,0x2)\Sata(0x5,0x0,0x0)
4:225  0:000          Found optical drive
4:225  0:000  - [05]: Volume: PciRoot(0x0)\Pci(0x1F,0x2)\Sata(0x0,0x0,0x0)\HD(3,GPT,C6064F59-E06A-493D-85C1-621BB54C3596,0xAE7C800,0x3FFFA88)\VenMedia(BE74FCF7-0B7C-49F3-9147-01F4042E6842,379883B6EFB7FE4DAB1607DA6E528C71)
4:225  0:000  - [06]: Volume: PciRoot(0x0)\Pci(0x1F,0x2)\Sata(0x0,0x0,0x0)\HD(3,GPT,C6064F59-E06A-493D-85C1-621BB54C3596,0xAE7C800,0x3FFFA88)\VenMedia(BE74FCF7-0B7C-49F3-9147-01F4042E6842,B0DAF67257F21749A767D3EF68816C3E)
4:225  0:000  - [07]: Volume: PciRoot(0x0)\Pci(0x1F,0x2)\Sata(0x0,0x0,0x0)\HD(3,GPT,C6064F59-E06A-493D-85C1-621BB54C3596,0xAE7C800,0x3FFFA88)\VenMedia(BE74FCF7-0B7C-49F3-9147-01F4042E6842,22E8D016DBF43D4CBDD42D3DB066D78F)
4:225  0:000  - [08]: Volume: PciRoot(0x0)\Pci(0x1F,0x2)\Sata(0x0,0x0,0x0)\HD(3,GPT,C6064F59-E06A-493D-85C1-621BB54C3596,0xAE7C800,0x3FFFA88)\VenMedia(BE74FCF7-0B7C-49F3-9147-01F4042E6842,A80D8042531E0E49AE2BC413612D155D)
4:225  0:000  === [ InitTheme ] =========================================
4:225  0:000  use night theme
4:226  0:001  Using theme 'SimpleThemeDark' (EFI\CLOVER\themes\SimpleThemeDark)
4:226  0:000  OS main and drive as badge
4:226  0:000  file sound not found
4:226  0:000  file sound not found
4:229  0:002  Loading font from ThemeDir: Success
4:229  0:000  theme inited
4:229  0:000  Chosen theme SimpleThemeDark
4:229  0:000  found boot-args in NVRAM:kext-dev-mode=1, size=16
4:229  0:000  ...found arg:kext-dev-mode=1
4:229  0:000  after NVRAM boot-args=dart=0 -xcpm nv_disable=1 -gux_defer_usb2 kext-dev-mode=1 rootless=0
4:229  0:000  === [ Dump SMC keys from NVRAM ] ==========================
4:229  0:000  found AppleSMC protocol
4:233  0:003  Registered 17 SMC keys
4:233  0:000  === [ ScanLoader ] ========================================
4:233  0:000  - [01]: 'EFI'
4:233  0:000          AddLoaderEntry for Volume Name=EFI
4:235  0:002          AddLoaderEntry for Volume Name=EFI
4:235  0:000          skipped because entry is hidden
4:235  0:000  - [05]: 'Preboot'
4:239  0:004          AddLoaderEntry for Volume Name=Preboot
4:244  0:004      Check if volume Is Hibernated:
4:244  0:000      Check sleep image 'by signature':
4:245  0:000      using default sleep image name = \private\var\vm\sleepimage
4:245  0:000      sleepimage not found -> Not Found
4:245  0:000      hibernated: no - sign
4:246  0:000          [!] Icon 18 (icons\vol_internal_apfs.icns) not found (path: EFI\CLOVER\themes\SimpleThemeDark)
4:249  0:003          AddLoaderEntry for Volume Name=Preboot
4:258  0:009  - [06]: 'Apple'
4:302  0:044          AddLoaderEntry for Volume Name=Apple
4:312  0:009      Check if volume Is Hibernated:
4:312  0:000      Check sleep image 'by signature':
4:326  0:013      read prefs \Library\Preferences\com.apple.PowerManagement.plist status=Success
4:326  0:000      using default sleep image name = \private\var\vm\sleepimage
4:332  0:006      sleepimage not found -> Not Found
4:332  0:000      hibernated: no - sign
4:337  0:005  - [07]: 'Recovery'
4:341  0:003          AddLoaderEntry for Volume Name=Recovery
4:347  0:006  - [08]: 'VM'
4:347  0:000  === [ AddCustomTool ] =====================================
4:348  0:000  found tool \EFI\CLOVER\tools\Shell64U.efi
4:348  0:000  Checking EFI partition Volume 1 for Clover
4:348  0:000   Found Clover
4:349  0:001  === [ GetEfiBootDeviceFromNvram ] =========================
4:349  0:000   - efi-boot-device-data: PciRoot(0x0)\Pci(0x1F,0x2)\Sata(0x0,0x0,0x0)\HD(3,GPT,C6064F59-E06A-493D-85C1-621BB54C3596,0xAE7C800,0x3FFFA88)\VenMedia(BE74FCF7-0B7C-49F3-9147-01F4042E6842,379883B6EFB7FE4DAB1607DA6E528C71)\72F6DAB0-F257-4917-A767-D3EF68816C3E\System\Library\CoreServices\boot.efii
4:349  0:000    - Volume: 'PciRoot(0x0)\Pci(0x1F,0x2)\Sata(0x0,0x0,0x0)\HD(3,GPT,C6064F59-E06A-493D-85C1-621BB54C3596,0xAE7C800,0x3FFFA88)\VenMedia(BE74FCF7-0B7C-49F3-9147-01F4042E6842,379883B6EFB7FE4DAB1607DA6E528C71)'
4:349  0:000    - LoaderPath: '\72F6DAB0-F257-4917-A767-D3EF68816C3E\System\Library\CoreServices\boot.efi'
4:349  0:000    - Guid = C6064F59-E06A-493D-85C1-621BB54C3596
4:349  0:000  === [ FindStartupDiskVolume ] =============================
4:349  0:000    - Volume: partition = PciRoot(0x0)\Pci(0x1F,0x2)\Sata(0x0,0x0,0x0)\HD(3,GPT,C6064F59-E06A-493D-85C1-621BB54C3596,0xAE7C800,0x3FFFA88)\VenMedia(BE74FCF7-0B7C-49F3-9147-01F4042E6842,379883B6EFB7FE4DAB1607DA6E528C71)
4:349  0:000     - searching for that partition and loader '\72F6DAB0-F257-4917-A767-D3EF68816C3E\System\Library\CoreServices\boot.efi'
4:349  0:000      - found entry 1. 'Boot FileVault Prebooter from Preboot', Volume 'Preboot', '\72F6DAB0-F257-4917-A767-D3EF68816C3E\System\Library\CoreServices\boot.efi'
4:349  0:000  Boot redirected to Entry 1. 'Boot FileVault Prebooter from Preboot'
4:349  0:000  DefaultIndex=1 and MainMenu.EntryCount=11
4:349  0:000  not run anime
4:393  0:044  GUI ready
8:698  4:304  BootVariable of the entry is empty
8:698  0:000  === [ StartLoader ] =======================================
8:698  0:000  Finally: ExternalClock=25MHz BusSpeed=99774kHz CPUFreq=2494MHz PIS: hw.busfrequency=100000000Hz
8:698  0:000  Loading boot.efi  status=Success
8:770  0:071  GetOSVersion: 10.13.6 (17G66)
8:770  0:000  CSR_CFG: CSR_ALLOW_UNTRUSTED_KEXTS | CSR_ALLOW_UNRESTRICTED_FS | CSR_ALLOW_TASK_FOR_PID | CSR_ALLOW_UNRESTRICTED_DTRACE | CSR_ALLOW_UNRESTRICTED_NVRAM
8:770  0:000  Filtering KextPatches:
8:770  0:000   - [00]: IOGraphicsFamily (Boot graphics glitch, 10.10.2/10.10.3) :: BinPatch :: [OS: 10.13.6 | MatchOS: All | MatchBuild: All] ==> allowed
8:770  0:000   - [01]: IOGraphicsFamily (Boot graphics glitch, 10.10.x/10.11.x (credit lisai9093, cecekpawon)) :: BinPatch :: [OS: 10.13.6 | MatchOS: All | MatchBuild: All] ==> allowed
8:770  0:000  Will not patch boot.efi
8:770  0:000  === [ PatchSmbios ] =======================================
8:770  0:000  insert table 9 for dev 0:0
8:770  0:000  insert table 9 for dev 0:2
8:770  0:000  insert table 9 for dev 0:0
8:771  0:000  Trusting SMBIOS...
8:771  0:000  Detected alternating SMBIOS channel banks
8:771  0:000  Channels: 1
8:771  0:000  Interleave: 0 1 2 3 4 5 6 7 8 9 10 11 12 13 14 15 16 17 18 19 20 21 22 23
8:771  0:000  SMBIOS Type 17 Index = 0 => 0 0:
8:771  0:000  BANK 0 DIMM0 EMPTY
8:771  0:000   partNum=HMT451S6MFR8C-PB  
8:771  0:000  SMBIOS Type 17 Index = 1 => 1 1:
8:771  0:000  BANK 0 DIMM1 1600MHz 4096MB
8:771  0:000  mTotalSystemMemory = 4096
8:771  0:000  NumberOfMemoryDevices = 2
8:771  0:000  Type20[0]->End = 0x3FFFFF, Type17[1] = 0x1000
8:771  0:000  === [ PatchACPI ] =========================================
8:771  0:000  Xsdt reallocation done
8:771  0:000  old FADT length=10C
8:771  0:000   SignatureFixup: 0x0 -> 0x0
8:771  0:000  Found OperationRegion(GNVS, SystemMemory, 96FBDC98, ...)
8:771  0:000  Found OperationRegion(OGNS, SystemMemory, 96FBC618, ...)
8:771  0:000  Found OperationRegion(MCHT, SystemMemory, FED10000, ...)
8:771  0:000  Found OperationRegion(ERAM, SystemMemory, FF708200, ...)
8:771  0:000  Found OperationRegion(EROM, SystemMemory, FF708000, ...)
8:771  0:000  Found OperationRegion(EMBX, SystemMemory, FF708100, ...)
8:771  0:000  Found OperationRegion(RCRB, SystemMemory, FED1C000, ...)
8:771  0:000  Found OperationRegion(MDBG, SystemMemory, 96FB8018, ...)
8:772  0:001  Apply DsdtFixMask=0x1FA849FB
8:772  0:000     drop _DSM mask=0x0000
8:772  0:000  === [ FixBiosDsdt ] =======================================
8:772  0:000    0 replacements
8:773  0:000  found PIC had IRQNoFlag will move -3 bytes
8:773  0:000  Start HPET Fix
8:773  0:000  found LPCB device NAME(_ADR,0x001F0000) at 15F5 And Name is LPCB
8:773  0:000  NewName LPCB already present, renaming impossible
8:773  0:000  Start Display0 Fix
8:774  0:000  Found internal video device 0 @8E70
8:774  0:000  Creating Method(_DSM) for 10DE card
8:774  0:000  patch Display #0 of Vendor=0x10DE
8:776  0:002  Start Add IMEI
8:776  0:000  Name ACST present at 0xA828, renaming to OCST
8:776  0:000  Name ACST present at 0xA856, renaming to OCST
8:776  0:000  Name ACST present at 0xA877, renaming to OCST
8:776  0:000  Name ACST present at 0xA87F, renaming to OCST
8:776  0:000  Name ACST present at 0xA884, renaming to OCST
8:776  0:000  Name ACST present at 0xA895, renaming to OCST
8:776  0:000  Name ACST present at 0xA8B8, renaming to OCST
8:776  0:000  Name ACST present at 0xA8D9, renaming to OCST
8:776  0:000  Name ACST present at 0xA8E1, renaming to OCST
8:776  0:000  Name ACST present at 0xA8E7, renaming to OCST
8:776  0:000  Name ACST present at 0xA901, renaming to OCST
8:776  0:000  Name ACST present at 0xA911, renaming to OCST
8:777  0:000    indirect name=SRCB
8:777  0:000  Name ACADûI¨ present at 0x27B9, renaming to ADP1
8:777  0:000  Name ACADûI¨ present at 0xA837, renaming to ADP1
8:777  0:000  Name _OSI present at 0x13A9, renaming to OOSI
8:777  0:000  Name _OSI present at 0x61C5, renaming to OOSI
8:777  0:000  Name _OSI present at 0x61CC, renaming to OOSI
8:777  0:000  Name _OSI present at 0x61E7, renaming to OOSI
8:777  0:000  Name _OSI present at 0x6203, renaming to OOSI
8:777  0:000  Name _OSI present at 0x6223, renaming to OOSI
8:777  0:000  Name _OSI present at 0x6243, renaming to OOSI
8:777  0:000  Name _OSI present at 0x6261, renaming to OOSI
8:777  0:000  Name _OSI present at 0x627D, renaming to OOSI
8:777  0:000  Name _OSI present at 0x6299, renaming to OOSI
8:778  0:000  PreCleanup XSDT: count=15, length=156
8:778  0:000  PreCleanup XSDT, corrected XSDT: count=15, length=156
8:778  0:000  === [ ACPIDropTables ] ====================================
8:778  0:000    0 replacements
8:778  0:000    0 replacements
8:778  0:000    0 replacements
8:778  0:000  Found OperationRegion(PPMT, SystemMemory, 96FBBE98, ...)
8:778  0:000    0 replacements
8:778  0:000  Found OperationRegion(VBOR, SystemMemory, 96FA2018, ...)
8:778  0:000  Found OperationRegion(SGOP, SystemMemory, 96FBBE18, ...)
8:778  0:000  Found OperationRegion(NOPR, SystemMemory, 96FA0018, ...)
8:778  0:000  CPUBase=0 and ApicCPUBase=1 ApicCPUNum=8
8:778  0:000  Maximum control=0x19
8:778  0:000  Turbo control=0x1F
8:778  0:000  P-States: min 0x7, max 0x1F
8:778  0:000  SSDT with CPU P-States and plugin-type generated successfully
8:778  0:000  SSDT with CPU C-States generated successfully
8:778  0:000  Cleanup XSDT: count=17, length=172
8:778  0:000  corrected XSDT count=17, length=172
8:778  0:000  === [ RestSetup macOS ] ===================================
8:778  0:000  EdidDiscovered size=128
8:778  0:000  --- Discovered EDID Table size:128
8:778  0:000  000  |  00  FF  FF  FF  FF  FF  FF  00  30  E4
8:778  0:000  010  |  8F  03  00  00  00  00  00  16  01  03
8:778  0:000  020  |  80  22  13  78  0A  A9  25  96  58  57
8:778  0:000  030  |  8E  28  1F  50  54  00  00  00  01  01
8:778  0:000  040  |  01  01  01  01  01  01  01  01  01  01
8:778  0:000  050  |  01  01  01  01  58  1B  56  7E  50  00
8:778  0:000  060  |  0E  30  24  30  35  00  58  C2  10  00
8:778  0:000  070  |  00  19  00  00  00  00  00  00  00  00
8:778  0:000  080  |  00  00  00  00  00  00  00  00  00  00
8:778  0:000  090  |  00  00  00  FE  00  4C  47  20  44  69
8:778  0:000  100  |  73  70  6C  61  79  0A  20  20  00  00
8:778  0:000  110  |  00  FE  00  4C  50  31  34  30  57  48
8:778  0:000  120  |  34  2D  54  4C  4E  31  00  B3
8:778  0:000  NVidia GFX injection not set
8:778  0:000  Intel HD Graphics 4000 [8086:0166] :: PciRoot(0x0)\Pci(0x2,0x0)
8:778  0:000    ig-platform-id = 0x01660003
8:778  0:000  Intel GFX revision  = 0x9
8:778  0:000   setting specified layout-id=3 (0x3)
8:778  0:000  stringlength = 3014
8:778  0:000  CurrentMode: Width=1366 Height=768
8:778  0:000  Beginning FSInjection
FSInjectionInstall ...
- Our FSI_SIMPLE_FILE_SYSTEM_PROTOCOL installed on handle: 93CF9818
FSInjectionInstall ...
- Our FSI_SIMPLE_FILE_SYSTEM_PROTOCOL installed on handle: 93CF9818
8:780  0:001  Use origin smbios table type 1 guid.
8:783  0:002    Force kext: System\Library\Extensions\IONetworkingFamily.kext
8:811  0:028      Force PlugIn kext: System\Library\Extensions\IONetworkingFamily.kext\Contents\PlugIns\AppleVmxnet3Ethernet.kext
8:822  0:010      Force PlugIn kext: System\Library\Extensions\IONetworkingFamily.kext\Contents\PlugIns\nvenet.kext
8:833  0:010      Force PlugIn kext: System\Library\Extensions\IONetworkingFamily.kext\Contents\PlugIns\AppleIntelI210Ethernet.kext
8:844  0:010      Force PlugIn kext: System\Library\Extensions\IONetworkingFamily.kext\Contents\PlugIns\Intel82574L.kext
8:854  0:010      Force PlugIn kext: System\Library\Extensions\IONetworkingFamily.kext\Contents\PlugIns\IOEthernetAVBController.kext
8:864  0:010      Force PlugIn kext: System\Library\Extensions\IONetworkingFamily.kext\Contents\PlugIns\AppleEthernetAquantiaAqtionFirmware.kext
8:877  0:012      Force PlugIn kext: System\Library\Extensions\IONetworkingFamily.kext\Contents\PlugIns\AppleIntel8254XEthernet.kext
8:887  0:010      Force PlugIn kext: System\Library\Extensions\IONetworkingFamily.kext\Contents\PlugIns\mDNSOffloadUserClient.kext
8:897  0:009      Force PlugIn kext: System\Library\Extensions\IONetworkingFamily.kext\Contents\PlugIns\AppleEthernetAquantiaAqtion.kext
8:908  0:011      Force PlugIn kext: System\Library\Extensions\IONetworkingFamily.kext\Contents\PlugIns\AppleBCM5701Ethernet.kext
8:920  0:011      Force PlugIn kext: System\Library\Extensions\IONetworkingFamily.kext\Contents\PlugIns\AppleYukon2.kext
8:935  0:015  Preparing kexts injection for arch=x86_64 from EFI\CLOVER\kexts\Other
8:935  0:000  Extra kext: EFI\CLOVER\kexts\Other\AppleALC_v1.3.5.kext (v.1.3.5)
8:979  0:044  Extra kext: EFI\CLOVER\kexts\Other\RT2870USBWirelessDriver.kext (v.4.2.9)
9:021  0:041  Extra kext: EFI\CLOVER\kexts\Other\XHCI-200-series-injector.kext (v.0.5.0)
9:021  0:000  Extra kext: EFI\CLOVER\kexts\Other\Lilu_v1.3.2.kext (v.1.3.2)
9:024  0:002  Extra kext: EFI\CLOVER\kexts\Other\XHCI-unsupported.kext (v.0.9.2)
9:025  0:001  Extra kext: EFI\CLOVER\kexts\Other\AHCI_Intel_Generic_SATA.kext (v.0.5)
9:027  0:001  Extra kext: EFI\CLOVER\kexts\Other\ApplePS2SmartTouchPad.kext (v.4.6.8)
9:036  0:009    |-- PlugIn kext: EFI\CLOVER\kexts\Other\ApplePS2SmartTouchPad.kext\Contents\PlugIns\ApplePS2Keyboard.kext (v.4.6.8)
9:040  0:003    |-- PlugIn kext: EFI\CLOVER\kexts\Other\ApplePS2SmartTouchPad.kext\Contents\PlugIns\ApplePS2Controller.kext (v.4.6.8)
9:042  0:001  Extra kext: EFI\CLOVER\kexts\Other\AHCI_3rdParty_eSATA.kext (v.0.5)
9:047  0:005  Extra kext: EFI\CLOVER\kexts\Other\SATA-RAID-unsupported.kext (v.0.9.2)
9:048  0:000  Extra kext: EFI\CLOVER\kexts\Other\AtherosE2200Ethernet.kext (v.2.2.2)
9:049  0:001  Extra kext: EFI\CLOVER\kexts\Other\AppleIGB.kext (v.5.3.5)
9:055  0:005  Extra kext: EFI\CLOVER\kexts\Other\SATA-200-series-unsupported.kext (v.0.5.1)
9:056  0:001  Extra kext: EFI\CLOVER\kexts\Other\XHCI-300-series-injector.kext (v.0.5.0)
9:057  0:000  Extra kext: EFI\CLOVER\kexts\Other\AHCI_3rdParty_SATA.kext (v.0.5)
9:063  0:005  Extra kext: EFI\CLOVER\kexts\Other\AppleIntelE1000e.kext (v.3.3.6)
9:068  0:004  Extra kext: EFI\CLOVER\kexts\Other\RealtekRTL8111.kext (v.2.2.2)
9:072  0:004  Extra kext: EFI\CLOVER\kexts\Other\FakeSMC_v1800.kext (v.1800)
9:076  0:003  Extra kext: EFI\CLOVER\kexts\Other\GenericUSBXHCI.kext (v.1.2.11)
9:080  0:004  Extra kext: EFI\CLOVER\kexts\Other\SATA-100-series-unsupported.kext (v.0.5.1)
9:081  0:000  Extra kext: EFI\CLOVER\kexts\Other\USBInjectAll_v0.7.1.kext (v.0.7.1)
9:176  0:094  Extra kext: EFI\CLOVER\kexts\Other\RealtekRTL8100.kext (v.2.0.1)
9:180  0:004  Extra kext: EFI\CLOVER\kexts\Other\WhateverGreen_v1.2.7.kext (v.1.2.7)
9:195  0:015  Extra kext: EFI\CLOVER\kexts\Other\XHCI-x99-injector.kext (v.0.5.0)
9:197  0:001  Extra kext: EFI\CLOVER\kexts\Other\IntelMausiEthernet.kext (v.2.4.0d0)
9:214  0:017  SetScreenResolution: 1366x768 - already set
9:231  0:017  Custom boot is disabled
9:232  0:000  Closing log
